<?xml version="1.0" encoding="UTF-8"?>
<testsuite xmlns:xsi="http://www.w3.org/2001/XMLSchema-instance" xsi:noNamespaceSchemaLocation="https://maven.apache.org/surefire/maven-surefire-plugin/xsd/surefire-test-report-3.0.xsd" version="3.0" name="com.mycompany.app.AppTest" time="0.086" tests="3" errors="0" skipped="0" failures="0">
  <properties>
[...]
</properties>
  <testcase name="testAppMessagew" classname="com.mycompany.app.AppTest" time="0.06">
    <system-out><![CDATA[1608711860
1
]]></system-out>
  </testcase>
  <testcase name="testAppConstructor" classname="com.mycompany.app.AppTest" time="0.001">
    <system-out><![CDATA[1320907639
24
1686371600
17
]]></system-out>
  </testcase>
  <testcase name="testAppMessage" classname="com.mycompany.app.AppTest" time="0.001">
    <system-out><![CDATA[357131788
18
]]></system-out>
  </testcase>
</testsuite>